01-08-2025 @ 13:19:25 - ---[ New import started at 2025-01-08 13:19:25 ] PHP Memory: 512 MB, WP Memory: 40 MB
01-08-2025 @ 13:19:25 - Preparing for import.
01-08-2025 @ 13:19:25 - Row :1 - Parsing item.
01-08-2025 @ 13:19:25 - Importing as new product ID:79
01-08-2025 @ 13:19:25 - Row :1 - Processing item.
01-08-2025 @ 13:19:25 - Found simple product object. ID:79
01-08-2025 @ 13:19:25 - Setting Featured Image. URL:http://wordpress.test.com/wp-content/uploads/2025/01/drinkware-liquid-tableware-dishware-bottle-fluid-scaled.jpg
01-08-2025 @ 13:19:25 - Attachment ID:16
01-08-2025 @ 13:19:26 - Row :1 - Product imported successfully.
01-08-2025 @ 13:19:26 - Row :2 - Parsing item.
01-08-2025 @ 13:19:26 - Importing as new product ID:80
01-08-2025 @ 13:19:26 - Row :2 - Processing item.
01-08-2025 @ 13:19:26 - Found simple product object. ID:80
01-08-2025 @ 13:19:26 - Setting Featured Image. URL:http://wordpress.test.com/wp-content/uploads/2025/01/man-person-music-black-and-white-white-photography-scaled.jpg
01-08-2025 @ 13:19:26 - Attachment ID:67
01-08-2025 @ 13:19:28 - Row :2 - Product imported successfully.
01-08-2025 @ 13:19:28 - Row :3 - Parsing item.
01-08-2025 @ 13:19:28 - Importing as new product ID:81
01-08-2025 @ 13:19:28 - Row :3 - Processing item.
01-08-2025 @ 13:19:28 - Found simple product object. ID:81
01-08-2025 @ 13:19:28 - Setting Featured Image. URL:http://wordpress.test.com/wp-content/uploads/2025/01/road-sport-vintage-wheel-retro-old-scaled.jpg
01-08-2025 @ 13:19:28 - Attachment ID:69
01-08-2025 @ 13:19:29 - Row :3 - Product imported successfully.
01-08-2025 @ 13:19:29 - Row :4 - Parsing item.
01-08-2025 @ 13:19:29 - Importing as new product ID:82
01-08-2025 @ 13:19:29 - Row :4 - Processing item.
01-08-2025 @ 13:19:29 - Found simple product object. ID:82
01-08-2025 @ 13:19:29 - Setting Featured Image. URL:http://wordpress.test.com/wp-content/uploads/2025/01/white-black-black-and-white-photograph-monochrome-photography.jpg
01-08-2025 @ 13:19:29 - Attachment ID:71
01-08-2025 @ 13:19:31 - Row :4 - Product imported successfully.
01-08-2025 @ 13:19:31 - Row :5 - Parsing item.
01-08-2025 @ 13:19:31 - Importing as new product ID:83
01-08-2025 @ 13:19:31 - Row :5 - Processing item.
01-08-2025 @ 13:19:31 - Found simple product object. ID:83
01-08-2025 @ 13:19:31 - Setting Featured Image. URL:http://wordpress.test.com/wp-content/uploads/2025/01/table-wood-house-chair-floor-window.jpg
01-08-2025 @ 13:19:31 - Attachment ID:73
01-08-2025 @ 13:19:33 - Row :5 - Product imported successfully.
01-08-2025 @ 13:19:33 - Row :6 - Parsing item.
01-08-2025 @ 13:19:33 - Importing as new product ID:84
01-08-2025 @ 13:19:33 - Row :6 - Processing item.
01-08-2025 @ 13:19:33 - Found simple product object. ID:84
01-08-2025 @ 13:19:33 - Setting Featured Image. URL:http://wordpress.test.com/wp-content/uploads/2025/01/writing-typing-keyboard-technology-white-vintage.jpg
01-08-2025 @ 13:19:33 - Attachment ID:75
01-08-2025 @ 13:19:34 - Row :6 - Product imported successfully.
01-08-2025 @ 13:19:34 - Row :7 - Parsing item.
01-08-2025 @ 13:19:34 - Importing as new product ID:85
01-08-2025 @ 13:19:34 - Row :7 - Processing item.
01-08-2025 @ 13:19:34 - Found simple product object. ID:85
01-08-2025 @ 13:19:34 - Setting Featured Image. URL:http://wordpress.test.com/wp-content/uploads/2025/01/生成古风美女图-5.png
01-08-2025 @ 13:19:34 - Attachment ID:78
01-08-2025 @ 13:19:36 - Row :7 - Product imported successfully.
01-08-2025 @ 13:19:36 - ---[ Import ended at 2025-01-08 13:19:36]---
